sample.interval=20000
"make.names" "read.table" "read.csv" "rankall" "head" 
"scan" "read.table" "read.csv" "rankall" "head" 
"scan" "read.table" "read.csv" "rankall" "head" 
"scan" "read.table" "read.csv" "rankall" "head" 
"scan" "read.table" "read.csv" "rankall" "head" 
"scan" "read.table" "read.csv" "rankall" "head" 
"scan" "read.table" "read.csv" "rankall" "head" 
"scan" "read.table" "read.csv" "rankall" "head" 
"scan" "read.table" "read.csv" "rankall" "head" 
"scan" "read.table" "read.csv" "rankall" "head" 
"scan" "read.table" "read.csv" "rankall" "head" 
"scan" "read.table" "read.csv" "rankall" "head" 
"scan" "read.table" "read.csv" "rankall" "head" 
"scan" "read.table" "read.csv" "rankall" "head" 
"scan" "read.table" "read.csv" "rankall" "head" 
"scan" "read.table" "read.csv" "rankall" "head" 
"scan" "read.table" "read.csv" "rankall" "head" 
"scan" "read.table" "read.csv" "rankall" "head" 
"scan" "read.table" "read.csv" "rankall" "head" 
"scan" "read.table" "read.csv" "rankall" "head" 
"scan" "read.table" "read.csv" "rankall" "head" 
"scan" "read.table" "read.csv" "rankall" "head" 
"scan" "read.table" "read.csv" "rankall" "head" 
"scan" "read.table" "read.csv" "rankall" "head" 
"scan" "read.table" "read.csv" "rankall" "head" 
"scan" "read.table" "read.csv" "rankall" "head" 
"scan" "read.table" "read.csv" "rankall" "head" 
"scan" "read.table" "read.csv" "rankall" "head" 
"scan" "read.table" "read.csv" "rankall" "head" 
"scan" "read.table" "read.csv" "rankall" "head" 
"scan" "read.table" "read.csv" "rankall" "head" 
"scan" "read.table" "read.csv" "rankall" "head" 
"scan" "read.table" "read.csv" "rankall" "head" 
"scan" "read.table" "read.csv" "rankall" "head" 
"scan" "read.table" "read.csv" "rankall" "head" 
"scan" "read.table" "read.csv" "rankall" "head" 
"scan" "read.table" "read.csv" "rankall" "head" 
"scan" "read.table" "read.csv" "rankall" "head" 
"scan" "read.table" "read.csv" "rankall" "head" 
"scan" "read.table" "read.csv" "rankall" "head" 
"scan" "read.table" "read.csv" "rankall" "head" 
"[[.data.frame" "[[" "[.data.frame" "[" "FUN" "lapply" "split.data.frame" "split" "rankhosState" "FUN" "lapply" "sapply" "rankall" "head" 
"sys.call" "match" "%in%" "[[.data.frame" "[[" "[.data.frame" "[" "FUN" "lapply" "split.data.frame" "split" "rankhosState" "FUN" "lapply" "sapply" "rankall" "head" 
"match" "%in%" "[[.data.frame" "[[" "[.data.frame" "[" "FUN" "lapply" "split.data.frame" "split" "rankhosState" "FUN" "lapply" "sapply" "rankall" "head" 
"[.data.frame" "[" "FUN" "lapply" "split.data.frame" "split" "rankhosState" "FUN" "lapply" "sapply" "rankall" "head" 
"names" "match" "%in%" "[[.data.frame" "[[" "[.data.frame" "[" "FUN" "lapply" "split.data.frame" "split" "rankhosState" "FUN" "lapply" "sapply" "rankall" "head" 
"<Anonymous>" "[[.data.frame" "[[" "[.data.frame" "[" "FUN" "lapply" "split.data.frame" "split" "rankhosState" "FUN" "lapply" "sapply" "rankall" "head" 
"all" "[[.data.frame" "[[" "[.data.frame" "[" "FUN" "lapply" "split.data.frame" "split" "rankhosState" "FUN" "lapply" "sapply" "rankall" "head" 
"%in%" "[[.data.frame" "[[" "[.data.frame" "[" "FUN" "lapply" "split.data.frame" "split" "rankhosState" "FUN" "lapply" "sapply" "rankall" "head" 
"[[.data.frame" "[[" "[.data.frame" "[" "FUN" "lapply" "split.data.frame" "split" "rankhosState" "FUN" "lapply" "sapply" "rankall" "head" 
"<Anonymous>" "[[.data.frame" "[[" "[.data.frame" "[" "FUN" "lapply" "split.data.frame" "split" "rankhosState" "FUN" "lapply" "sapply" "rankall" "head" 
"is.matrix" "<Anonymous>" "[[.data.frame" "[[" "[.data.frame" "[" "FUN" "lapply" "split.data.frame" "split" "rankhosState" "FUN" "lapply" "sapply" "rankall" "head" 
"[.data.frame" "[" "FUN" "lapply" "split.data.frame" "split" "rankhosState" "FUN" "lapply" "sapply" "rankall" "head" 
"attr" "[.data.frame" "[" "FUN" "lapply" "split.data.frame" "split" "rankhosState" "FUN" "lapply" "sapply" "rankall" "head" 
"order" "do.call" "order" "rankhosState" "FUN" "lapply" "sapply" "rankall" "head" 
"<Anonymous>" "[[.data.frame" "[[" "[.data.frame" "[" "FUN" "lapply" "split.data.frame" "split" "rankhosState" "FUN" "lapply" "sapply" "rankall" "head" 
"[.data.frame" "[" "FUN" "lapply" "split.data.frame" "split" "rankhosState" "FUN" "lapply" "sapply" "rankall" "head" 
"%in%" "[[.data.frame" "[[" "[.data.frame" "[" "FUN" "lapply" "split.data.frame" "split" "rankhosState" "FUN" "lapply" "sapply" "rankall" "head" 
"<Anonymous>" "[[.data.frame" "[[" "[.data.frame" "[" "FUN" "lapply" "split.data.frame" "split" "rankhosState" "FUN" "lapply" "sapply" "rankall" "head" 
"[[.data.frame" "[[" "[.data.frame" "[" "FUN" "lapply" "split.data.frame" "split" "rankhosState" "FUN" "lapply" "sapply" "rankall" "head" 
"[[" "[.data.frame" "[" "FUN" "lapply" "split.data.frame" "split" "rankhosState" "FUN" "lapply" "sapply" "rankall" "head" 
"[.data.frame" "[" "FUN" "lapply" "split.data.frame" "split" "rankhosState" "FUN" "lapply" "sapply" "rankall" "head" 
"all" "[[.data.frame" "[[" "[.data.frame" "[" "FUN" "lapply" "split.data.frame" "split" "rankhosState" "FUN" "lapply" "sapply" "rankall" "head" 
"length" "[.data.frame" "[" "FUN" "lapply" "split.data.frame" "split" "rankhosState" "FUN" "lapply" "sapply" "rankall" "head" 
"match" "%in%" "[[.data.frame" "[[" "[.data.frame" "[" "FUN" "lapply" "split.data.frame" "split" "rankhosState" "FUN" "lapply" "sapply" "rankall" "head" 
"[[" "[.data.frame" "[" "FUN" "lapply" "split.data.frame" "split" "rankhosState" "FUN" "lapply" "sapply" "rankall" "head" 
"attr" "[.data.frame" "[" "FUN" "lapply" "split.data.frame" "split" "rankhosState" "FUN" "lapply" "sapply" "rankall" "head" 
"split.default" "split" "lapply" "split.data.frame" "split" "rankhosState" "FUN" "lapply" "sapply" "rankall" "head" 
"<Anonymous>" "[[.data.frame" "[[" "[.data.frame" "[" "FUN" "lapply" "split.data.frame" "split" "rankhosState" "FUN" "lapply" "sapply" "rankall" "head" 
"[.data.frame" "[" "FUN" "lapply" "split.data.frame" "split" "rankhosState" "FUN" "lapply" "sapply" "rankall" "head" 
"all" "[[.data.frame" "[[" "[.data.frame" "[" "FUN" "lapply" "split.data.frame" "split" "rankhosState" "FUN" "lapply" "sapply" "rankall" "head" 
"[.data.frame" "[" "FUN" "lapply" "split.data.frame" "split" "rankhosState" "FUN" "lapply" "sapply" "rankall" "head" 
"[[" "[.data.frame" "[" "FUN" "lapply" "split.data.frame" "split" "rankhosState" "FUN" "lapply" "sapply" "rankall" "head" 
"match" "%in%" "[[.data.frame" "[[" "[.data.frame" "[" "FUN" "lapply" "split.data.frame" "split" "rankhosState" "FUN" "lapply" "sapply" "rankall" "head" 
"[.data.frame" "[" "FUN" "lapply" "split.data.frame" "split" "rankhosState" "FUN" "lapply" "sapply" "rankall" "head" 
"[.data.frame" "[" "FUN" "lapply" "split.data.frame" "split" "rankhosState" "FUN" "lapply" "sapply" "rankall" "head" 
"[[.data.frame" "[[" "[.data.frame" "[" "FUN" "lapply" "split.data.frame" "split" "rankhosState" "FUN" "lapply" "sapply" "rankall" "head" 
".subset2" "<Anonymous>" "[[.data.frame" "[[" "[.data.frame" "[" "FUN" "lapply" "split.data.frame" "split" "rankhosState" "FUN" "lapply" "sapply" "rankall" "head" 
"match" "%in%" "[[.data.frame" "[[" "[.data.frame" "[" "FUN" "lapply" "split.data.frame" "split" "rankhosState" "FUN" "lapply" "sapply" "rankall" "head" 
"anyDuplicated.default" "anyDuplicated" "[.data.frame" "[" "FUN" "lapply" "split.data.frame" "split" "rankhosState" "FUN" "lapply" "sapply" "rankall" "head" 
"[[.data.frame" "[[" "[.data.frame" "[" "FUN" "lapply" "split.data.frame" "split" "rankhosState" "FUN" "lapply" "sapply" "rankall" "head" 
"[[" "[.data.frame" "[" "FUN" "lapply" "split.data.frame" "split" "rankhosState" "FUN" "lapply" "sapply" "rankall" "head" 
"all" "[[.data.frame" "[[" "[.data.frame" "[" "FUN" "lapply" "split.data.frame" "split" "rankhosState" "FUN" "lapply" "sapply" "rankall" "head" 
"[.data.frame" "[" "FUN" "lapply" "split.data.frame" "split" "rankhosState" "FUN" "lapply" "sapply" "rankall" "head" 
"[.data.frame" "[" "FUN" "lapply" "split.data.frame" "split" "rankhosState" "FUN" "lapply" "sapply" "rankall" "head" 
"[.data.frame" "[" "FUN" "lapply" "split.data.frame" "split" "rankhosState" "FUN" "lapply" "sapply" "rankall" "head" 
"names" "match" "%in%" "[[.data.frame" "[[" "[.data.frame" "[" "FUN" "lapply" "split.data.frame" "split" "rankhosState" "FUN" "lapply" "sapply" "rankall" "head" 
"match" "%in%" "[[.data.frame" "[[" "[.data.frame" "[" "FUN" "lapply" "split.data.frame" "split" "rankhosState" "FUN" "lapply" "sapply" "rankall" "head" 
"attr" "[.data.frame" "[" "FUN" "lapply" "split.data.frame" "split" "rankhosState" "FUN" "lapply" "sapply" "rankall" "head" 
"attr" "[.data.frame" "[" "FUN" "lapply" "split.data.frame" "split" "rankhosState" "FUN" "lapply" "sapply" "rankall" "head" 
"attr" "[.data.frame" "[" "FUN" "lapply" "split.data.frame" "split" "rankhosState" "FUN" "lapply" "sapply" "rankall" "head" 
"attr" "[.data.frame" "[" "FUN" "lapply" "split.data.frame" "split" "rankhosState" "FUN" "lapply" "sapply" "rankall" "head" 
"[.data.frame" "[" "FUN" "lapply" "split.data.frame" "split" "rankhosState" "FUN" "lapply" "sapply" "rankall" "head" 
"match" "%in%" "[[.data.frame" "[[" "[.data.frame" "[" "FUN" "lapply" "split.data.frame" "split" "rankhosState" "FUN" "lapply" "sapply" "rankall" "head" 
"lapply" "split.data.frame" "split" "rankhosState" "FUN" "lapply" "sapply" "rankall" "head" 
"[[.data.frame" "[[" "[.data.frame" "[" "FUN" "lapply" "split.data.frame" "split" "rankhosState" "FUN" "lapply" "sapply" "rankall" "head" 
"%in%" "[[.data.frame" "[[" "[.data.frame" "[" "FUN" "lapply" "split.data.frame" "split" "rankhosState" "FUN" "lapply" "sapply" "rankall" "head" 
"sort.list" "factor" "as.factor" "split.default" "split" "lapply" "split.data.frame" "split" "rankhosState" "FUN" "lapply" "sapply" "rankall" "head" 
"<Anonymous>" "[[.data.frame" "[[" "[.data.frame" "[" "FUN" "lapply" "split.data.frame" "split" "rankhosState" "FUN" "lapply" "sapply" "rankall" "head" 
"[[.data.frame" "[[" "[.data.frame" "[" "FUN" "lapply" "split.data.frame" "split" "rankhosState" "FUN" "lapply" "sapply" "rankall" "head" 
"[.data.frame" "[" "FUN" "lapply" "split.data.frame" "split" "rankhosState" "FUN" "lapply" "sapply" "rankall" "head" 
"[[" "[.data.frame" "[" "FUN" "lapply" "split.data.frame" "split" "rankhosState" "FUN" "lapply" "sapply" "rankall" "head" 
"[.data.frame" "[" "FUN" "lapply" "split.data.frame" "split" "rankhosState" "FUN" "lapply" "sapply" "rankall" "head" 
"[.data.frame" "[" "FUN" "lapply" "split.data.frame" "split" "rankhosState" "FUN" "lapply" "sapply" "rankall" "head" 
"[[" "[.data.frame" "[" "FUN" "lapply" "split.data.frame" "split" "rankhosState" "FUN" "lapply" "sapply" "rankall" "head" 
"[[.data.frame" "[[" "[.data.frame" "[" "FUN" "lapply" "split.data.frame" "split" "rankhosState" "FUN" "lapply" "sapply" "rankall" "head" 
"<Anonymous>" "[[.data.frame" "[[" "[.data.frame" "[" "FUN" "lapply" "split.data.frame" "split" "rankhosState" "FUN" "lapply" "sapply" "rankall" "head" 
"[[.data.frame" "[[" "[.data.frame" "[" "FUN" "lapply" "split.data.frame" "split" "rankhosState" "FUN" "lapply" "sapply" "rankall" "head" 
"[[" "[.data.frame" "[" "FUN" "lapply" "split.data.frame" "split" "rankhosState" "FUN" "lapply" "sapply" "rankall" "head" 
"[.data.frame" "[" "FUN" "lapply" "split.data.frame" "split" "rankhosState" "FUN" "lapply" "sapply" "rankall" "head" 
"[.data.frame" "[" "FUN" "lapply" "split.data.frame" "split" "rankhosState" "FUN" "lapply" "sapply" "rankall" "head" 
"[[.data.frame" "[[" "[.data.frame" "[" "FUN" "lapply" "split.data.frame" "split" "rankhosState" "FUN" "lapply" "sapply" "rankall" "head" 
"[[" "[.data.frame" "[" "FUN" "lapply" "split.data.frame" "split" "rankhosState" "FUN" "lapply" "sapply" "rankall" "head" 
"[[" "[.data.frame" "[" "FUN" "lapply" "split.data.frame" "split" "rankhosState" "FUN" "lapply" "sapply" "rankall" "head" 
"<Anonymous>" "[[.data.frame" "[[" "[.data.frame" "[" "FUN" "lapply" "split.data.frame" "split" "rankhosState" "FUN" "lapply" "sapply" "rankall" "head" 
"[.data.frame" "[" "FUN" "lapply" "split.data.frame" "split" "rankhosState" "FUN" "lapply" "sapply" "rankall" "head" 
"[[.data.frame" "[[" "[.data.frame" "[" "FUN" "lapply" "split.data.frame" "split" "rankhosState" "FUN" "lapply" "sapply" "rankall" "head" 
"[.data.frame" "[" "FUN" "lapply" "split.data.frame" "split" "rankhosState" "FUN" "lapply" "sapply" "rankall" "head" 
"[[" "[.data.frame" "[" "FUN" "lapply" "split.data.frame" "split" "rankhosState" "FUN" "lapply" "sapply" "rankall" "head" 
"[[.data.frame" "[[" "[.data.frame" "[" "FUN" "lapply" "split.data.frame" "split" "rankhosState" "FUN" "lapply" "sapply" "rankall" "head" 
"all" "[[.data.frame" "[[" "[.data.frame" "[" "FUN" "lapply" "split.data.frame" "split" "rankhosState" "FUN" "lapply" "sapply" "rankall" "head" 
"nargs" "[[.data.frame" "[[" "[.data.frame" "[" "FUN" "lapply" "split.data.frame" "split" "rankhosState" "FUN" "lapply" "sapply" "rankall" "head" 
"[[" "rankhosState" "FUN" "lapply" "sapply" "rankall" "head" 
"match" "%in%" "[[.data.frame" "[[" "[.data.frame" "[" "FUN" "lapply" "split.data.frame" "split" "rankhosState" "FUN" "lapply" "sapply" "rankall" "head" 
"<Anonymous>" "[[.data.frame" "[[" "[.data.frame" "[" "FUN" "lapply" "split.data.frame" "split" "rankhosState" "FUN" "lapply" "sapply" "rankall" "head" 
"[.data.frame" "[" "FUN" "lapply" "split.data.frame" "split" "rankhosState" "FUN" "lapply" "sapply" "rankall" "head" 
"[.data.frame" "[" "FUN" "lapply" "split.data.frame" "split" "rankhosState" "FUN" "lapply" "sapply" "rankall" "head" 
"attr" "[.data.frame" "[" "FUN" "lapply" "split.data.frame" "split" "rankhosState" "FUN" "lapply" "sapply" "rankall" "head" 
"match" "%in%" "[[.data.frame" "[[" "[.data.frame" "[" "FUN" "lapply" "split.data.frame" "split" "rankhosState" "FUN" "lapply" "sapply" "rankall" "head" 
"length" "length" "[.data.frame" "[" "FUN" "lapply" "split.data.frame" "split" "rankhosState" "FUN" "lapply" "sapply" "rankall" "head" 
"[[" "[.data.frame" "[" "FUN" "lapply" "split.data.frame" "split" "rankhosState" "FUN" "lapply" "sapply" "rankall" "head" 
"[.data.frame" "[" "FUN" "lapply" "split.data.frame" "split" "rankhosState" "FUN" "lapply" "sapply" "rankall" "head" 
"[[.data.frame" "[[" "[.data.frame" "[" "FUN" "lapply" "split.data.frame" "split" "rankhosState" "FUN" "lapply" "sapply" "rankall" "head" 
"[.data.frame" "[" "FUN" "lapply" "split.data.frame" "split" "rankhosState" "FUN" "lapply" "sapply" "rankall" "head" 
"[.data.frame" "[" "FUN" "lapply" "split.data.frame" "split" "rankhosState" "FUN" "lapply" "sapply" "rankall" "head" 
"[[" "[.data.frame" "[" "FUN" "lapply" "split.data.frame" "split" "rankhosState" "FUN" "lapply" "sapply" "rankall" "head" 
"unique.default" "unique" "factor" "as.factor" "split.default" "split" "lapply" "split.data.frame" "split" "rankhosState" "FUN" "lapply" "sapply" "rankall" "head" 
"<Anonymous>" "[[.data.frame" "[[" "[.data.frame" "[" "FUN" "lapply" "split.data.frame" "split" "rankhosState" "FUN" "lapply" "sapply" "rankall" "head" 
"[[" "[.data.frame" "[" "FUN" "lapply" "split.data.frame" "split" "rankhosState" "FUN" "lapply" "sapply" "rankall" "head" 
"%in%" "[[.data.frame" "[[" "[.data.frame" "[" "FUN" "lapply" "split.data.frame" "split" "rankhosState" "FUN" "lapply" "sapply" "rankall" "head" 
"[.data.frame" "[" "FUN" "lapply" "split.data.frame" "split" "rankhosState" "FUN" "lapply" "sapply" "rankall" "head" 
"sys.call" "match" "%in%" "[[.data.frame" "[[" "[.data.frame" "[" "FUN" "lapply" "split.data.frame" "split" "rankhosState" "FUN" "lapply" "sapply" "rankall" "head" 
"all" "[[.data.frame" "[[" "[.data.frame" "[" "FUN" "lapply" "split.data.frame" "split" "rankhosState" "FUN" "lapply" "sapply" "rankall" "head" 
"[.data.frame" "[" "FUN" "lapply" "split.data.frame" "split" "rankhosState" "FUN" "lapply" "sapply" "rankall" "head" 
"<Anonymous>" "[[.data.frame" "[[" "[.data.frame" "[" "FUN" "lapply" "split.data.frame" "split" "rankhosState" "FUN" "lapply" "sapply" "rankall" "head" 
"[.data.frame" "[" "FUN" "lapply" "split.data.frame" "split" "rankhosState" "FUN" "lapply" "sapply" "rankall" "head" 
"sys.call" "match" "%in%" "[[.data.frame" "[[" "[.data.frame" "[" "FUN" "lapply" "split.data.frame" "split" "rankhosState" "FUN" "lapply" "sapply" "rankall" "head" 
"match" "%in%" "[[.data.frame" "[[" "[.data.frame" "[" "FUN" "lapply" "split.data.frame" "split" "rankhosState" "FUN" "lapply" "sapply" "rankall" "head" 
"match" "%in%" "[[.data.frame" "[[" "[.data.frame" "[" "FUN" "lapply" "split.data.frame" "split" "rankhosState" "FUN" "lapply" "sapply" "rankall" "head" 
"all" "[[.data.frame" "[[" "[.data.frame" "[" "FUN" "lapply" "split.data.frame" "split" "rankhosState" "FUN" "lapply" "sapply" "rankall" "head" 
"[[" "[.data.frame" "[" "FUN" "lapply" "split.data.frame" "split" "rankhosState" "FUN" "lapply" "sapply" "rankall" "head" 
"match" "%in%" "[[.data.frame" "[[" "[.data.frame" "[" "FUN" "lapply" "split.data.frame" "split" "rankhosState" "FUN" "lapply" "sapply" "rankall" "head" 
"[.data.frame" "[" "FUN" "lapply" "split.data.frame" "split" "rankhosState" "FUN" "lapply" "sapply" "rankall" "head" 
"<Anonymous>" "[[.data.frame" "[[" "[.data.frame" "[" "FUN" "lapply" "split.data.frame" "split" "rankhosState" "FUN" "lapply" "sapply" "rankall" "head" 
"[[.data.frame" "[[" "[.data.frame" "[" "FUN" "lapply" "split.data.frame" "split" "rankhosState" "FUN" "lapply" "sapply" "rankall" "head" 
"unique" "factor" "as.factor" "split.default" "split" "lapply" "split.data.frame" "split" "rankhosState" "FUN" "lapply" "sapply" "rankall" "head" 
"match" "%in%" "[[.data.frame" "[[" "[.data.frame" "[" "FUN" "lapply" "split.data.frame" "split" "rankhosState" "FUN" "lapply" "sapply" "rankall" "head" 
"[[" "[.data.frame" "[" "FUN" "lapply" "split.data.frame" "split" "rankhosState" "FUN" "lapply" "sapply" "rankall" "head" 
"%in%" "[[.data.frame" "[[" "[.data.frame" "[" "FUN" "lapply" "split.data.frame" "split" "rankhosState" "FUN" "lapply" "sapply" "rankall" "head" 
"sys.call" "match" "%in%" "[[.data.frame" "[[" "[.data.frame" "[" "FUN" "lapply" "split.data.frame" "split" "rankhosState" "FUN" "lapply" "sapply" "rankall" "head" 
"[.data.frame" "[" "FUN" "lapply" "split.data.frame" "split" "rankhosState" "FUN" "lapply" "sapply" "rankall" "head" 
"<Anonymous>" "[[.data.frame" "[[" "[.data.frame" "[" "FUN" "lapply" "split.data.frame" "split" "rankhosState" "FUN" "lapply" "sapply" "rankall" "head" 
"match" "%in%" "[[.data.frame" "[[" "[.data.frame" "[" "FUN" "lapply" "split.data.frame" "split" "rankhosState" "FUN" "lapply" "sapply" "rankall" "head" 
"all" "[[.data.frame" "[[" "[.data.frame" "[" "FUN" "lapply" "split.data.frame" "split" "rankhosState" "FUN" "lapply" "sapply" "rankall" "head" 
"length" "[.data.frame" "[" "FUN" "lapply" "split.data.frame" "split" "rankhosState" "FUN" "lapply" "sapply" "rankall" "head" 
"%in%" "[[.data.frame" "[[" "[.data.frame" "[" "FUN" "lapply" "split.data.frame" "split" "rankhosState" "FUN" "lapply" "sapply" "rankall" "head" 
"[[.data.frame" "[[" "[.data.frame" "[" "FUN" "lapply" "split.data.frame" "split" "rankhosState" "FUN" "lapply" "sapply" "rankall" "head" 
"[.data.frame" "[" "FUN" "lapply" "split.data.frame" "split" "rankhosState" "FUN" "lapply" "sapply" "rankall" "head" 
"order" "do.call" "order" "rankhosState" "FUN" "lapply" "sapply" "rankall" "head" 
"[[.data.frame" "[[" "[.data.frame" "[" "FUN" "lapply" "split.data.frame" "split" "rankhosState" "FUN" "lapply" "sapply" "rankall" "head" 
"all" "[[.data.frame" "[[" "[.data.frame" "[" "FUN" "lapply" "split.data.frame" "split" "rankhosState" "FUN" "lapply" "sapply" "rankall" "head" 
"[[.data.frame" "[[" "[.data.frame" "[" "FUN" "lapply" "split.data.frame" "split" "rankhosState" "FUN" "lapply" "sapply" "rankall" "head" 
"[.data.frame" "[" "FUN" "lapply" "split.data.frame" "split" "rankhosState" "FUN" "lapply" "sapply" "rankall" "head" 
".subset2" "<Anonymous>" "[[.data.frame" "[[" "[.data.frame" "[" "FUN" "lapply" "split.data.frame" "split" "rankhosState" "FUN" "lapply" "sapply" "rankall" "head" 
"<Anonymous>" "[[.data.frame" "[[" "[.data.frame" "[" "FUN" "lapply" "split.data.frame" "split" "rankhosState" "FUN" "lapply" "sapply" "rankall" "head" 
"[" "FUN" "lapply" "split.data.frame" "split" "rankhosState" "FUN" "lapply" "sapply" "rankall" "head" 
"sys.call" "match" "%in%" "[[.data.frame" "[[" "[.data.frame" "[" "FUN" "lapply" "split.data.frame" "split" "rankhosState" "FUN" "lapply" "sapply" "rankall" "head" 
"[.data.frame" "[" "FUN" "lapply" "split.data.frame" "split" "rankhosState" "FUN" "lapply" "sapply" "rankall" "head" 
"[[" "[.data.frame" "[" "FUN" "lapply" "split.data.frame" "split" "rankhosState" "FUN" "lapply" "sapply" "rankall" "head" 
"match" "%in%" "[[.data.frame" "[[" "[.data.frame" "[" "FUN" "lapply" "split.data.frame" "split" "rankhosState" "FUN" "lapply" "sapply" "rankall" "head" 
"[[.data.frame" "[[" "[.data.frame" "[" "FUN" "lapply" "split.data.frame" "split" "rankhosState" "FUN" "lapply" "sapply" "rankall" "head" 
"[[.data.frame" "[[" "[.data.frame" "[" "FUN" "lapply" "split.data.frame" "split" "rankhosState" "FUN" "lapply" "sapply" "rankall" "head" 
"[.data.frame" "[" "FUN" "lapply" "split.data.frame" "split" "rankhosState" "FUN" "lapply" "sapply" "rankall" "head" 
"[.data.frame" "[" "FUN" "lapply" "split.data.frame" "split" "rankhosState" "FUN" "lapply" "sapply" "rankall" "head" 
"match" "%in%" "[[.data.frame" "[[" "[.data.frame" "[" "FUN" "lapply" "split.data.frame" "split" "rankhosState" "FUN" "lapply" "sapply" "rankall" "head" 
"match" "%in%" "[[.data.frame" "[[" "[.data.frame" "[" "FUN" "lapply" "split.data.frame" "split" "rankhosState" "FUN" "lapply" "sapply" "rankall" "head" 
"<Anonymous>" "[[.data.frame" "[[" "[.data.frame" "[" "FUN" "lapply" "split.data.frame" "split" "rankhosState" "FUN" "lapply" "sapply" "rankall" "head" 
"match" "%in%" "[[.data.frame" "[[" "[.data.frame" "[" "FUN" "lapply" "split.data.frame" "split" "rankhosState" "FUN" "lapply" "sapply" "rankall" "head" 
"[[.data.frame" "[[" "[.data.frame" "[" "FUN" "lapply" "split.data.frame" "split" "rankhosState" "FUN" "lapply" "sapply" "rankall" "head" 
"FUN" "lapply" "split.data.frame" "split" "rankhosState" "FUN" "lapply" "sapply" "rankall" "head" 
"[[.data.frame" "[[" "[.data.frame" "[" "FUN" "lapply" "split.data.frame" "split" "rankhosState" "FUN" "lapply" "sapply" "rankall" "head" 
"[.data.frame" "[" "FUN" "lapply" "split.data.frame" "split" "rankhosState" "FUN" "lapply" "sapply" "rankall" "head" 
"match" "%in%" "[.data.frame" "[" "FUN" "lapply" "split.data.frame" "split" "rankhosState" "FUN" "lapply" "sapply" "rankall" "head" 
"[[.data.frame" "[[" "[.data.frame" "[" "FUN" "lapply" "split.data.frame" "split" "rankhosState" "FUN" "lapply" "sapply" "rankall" "head" 
"all" "[[.data.frame" "[[" "[.data.frame" "[" "FUN" "lapply" "split.data.frame" "split" "rankhosState" "FUN" "lapply" "sapply" "rankall" "head" 
"match" "%in%" "[[.data.frame" "[[" "[.data.frame" "[" "FUN" "lapply" "split.data.frame" "split" "rankhosState" "FUN" "lapply" "sapply" "rankall" "head" 
"<Anonymous>" "[[.data.frame" "[[" "[.data.frame" "[" "FUN" "lapply" "split.data.frame" "split" "rankhosState" "FUN" "lapply" "sapply" "rankall" "head" 
"[[" "[.data.frame" "[" "FUN" "lapply" "split.data.frame" "split" "rankhosState" "FUN" "lapply" "sapply" "rankall" "head" 
"[[.data.frame" "[[" "[.data.frame" "[" "FUN" "lapply" "split.data.frame" "split" "rankhosState" "FUN" "lapply" "sapply" "rankall" "head" 
"<Anonymous>" "[[.data.frame" "[[" "[.data.frame" "[" "FUN" "lapply" "split.data.frame" "split" "rankhosState" "FUN" "lapply" "sapply" "rankall" "head" 
"[[.data.frame" "[[" "[.data.frame" "[" "FUN" "lapply" "split.data.frame" "split" "rankhosState" "FUN" "lapply" "sapply" "rankall" "head" 
"<Anonymous>" "[[.data.frame" "[[" "[.data.frame" "[" "FUN" "lapply" "split.data.frame" "split" "rankhosState" "FUN" "lapply" "sapply" "rankall" "head" 
"[.data.frame" "[" "FUN" "lapply" "split.data.frame" "split" "rankhosState" "FUN" "lapply" "sapply" "rankall" "head" 
"[[" "[.data.frame" "[" "FUN" "lapply" "split.data.frame" "split" "rankhosState" "FUN" "lapply" "sapply" "rankall" "head" 
"[[" "[.data.frame" "[" "FUN" "lapply" "split.data.frame" "split" "rankhosState" "FUN" "lapply" "sapply" "rankall" "head" 
"[.data.frame" "[" "FUN" "lapply" "split.data.frame" "split" "rankhosState" "FUN" "lapply" "sapply" "rankall" "head" 
"<Anonymous>" "[[.data.frame" "[[" "[.data.frame" "[" "FUN" "lapply" "split.data.frame" "split" "rankhosState" "FUN" "lapply" "sapply" "rankall" "head" 
"unique.default" "unique" "factor" "as.factor" "split.default" "split" "lapply" "split.data.frame" "split" "rankhosState" "FUN" "lapply" "sapply" "rankall" "head" 
"match" "%in%" "[[.data.frame" "[[" "[.data.frame" "[" "FUN" "lapply" "split.data.frame" "split" "rankhosState" "FUN" "lapply" "sapply" "rankall" "head" 
"attr" "[.data.frame" "[" "FUN" "lapply" "split.data.frame" "split" "rankhosState" "FUN" "lapply" "sapply" "rankall" "head" 
"%in%" "[[.data.frame" "[[" "[.data.frame" "[" "FUN" "lapply" "split.data.frame" "split" "rankhosState" "FUN" "lapply" "sapply" "rankall" "head" 
"[.data.frame" "[" "FUN" "lapply" "split.data.frame" "split" "rankhosState" "FUN" "lapply" "sapply" "rankall" "head" 
"match" "%in%" "[[.data.frame" "[[" "[.data.frame" "[" "FUN" "lapply" "split.data.frame" "split" "rankhosState" "FUN" "lapply" "sapply" "rankall" "head" 
"nargs" "[[.data.frame" "[[" "[.data.frame" "[" "FUN" "lapply" "split.data.frame" "split" "rankhosState" "FUN" "lapply" "sapply" "rankall" "head" 
"[[" "[.data.frame" "[" "FUN" "lapply" "split.data.frame" "split" "rankhosState" "FUN" "lapply" "sapply" "rankall" "head" 
"match" "%in%" "[[.data.frame" "[[" "[.data.frame" "[" "FUN" "lapply" "split.data.frame" "split" "rankhosState" "FUN" "lapply" "sapply" "rankall" "head" 
"anyDuplicated" "[.data.frame" "[" "FUN" "lapply" "split.data.frame" "split" "rankhosState" "FUN" "lapply" "sapply" "rankall" "head" 
"[.data.frame" "[" "FUN" "lapply" "split.data.frame" "split" "rankhosState" "FUN" "lapply" "sapply" "rankall" "head" 
"names" "names" "[.data.frame" "[" "FUN" "lapply" "split.data.frame" "split" "rankhosState" "FUN" "lapply" "sapply" "rankall" "head" 
"all" "[[.data.frame" "[[" "[.data.frame" "[" "FUN" "lapply" "split.data.frame" "split" "rankhosState" "FUN" "lapply" "sapply" "rankall" "head" 
"<Anonymous>" "[[.data.frame" "[[" "[.data.frame" "[" "FUN" "lapply" "split.data.frame" "split" "rankhosState" "FUN" "lapply" "sapply" "rankall" "head" 
"all" "[[.data.frame" "[[" "[.data.frame" "[" "FUN" "lapply" "split.data.frame" "split" "rankhosState" "FUN" "lapply" "sapply" "rankall" "head" 
"[[.data.frame" "[[" "[.data.frame" "[" "FUN" "lapply" "split.data.frame" "split" "rankhosState" "FUN" "lapply" "sapply" "rankall" "head" 
"all" "[[.data.frame" "[[" "[.data.frame" "[" "FUN" "lapply" "split.data.frame" "split" "rankhosState" "FUN" "lapply" "sapply" "rankall" "head" 
"anyDuplicated.default" "anyDuplicated" "[.data.frame" "[" "FUN" "lapply" "split.data.frame" "split" "rankhosState" "FUN" "lapply" "sapply" "rankall" "head" 
"<Anonymous>" "[[.data.frame" "[[" "[.data.frame" "[" "FUN" "lapply" "split.data.frame" "split" "rankhosState" "FUN" "lapply" "sapply" "rankall" "head" 
"[[" "[.data.frame" "[" "FUN" "lapply" "split.data.frame" "split" "rankhosState" "FUN" "lapply" "sapply" "rankall" "head" 
"[.data.frame" "[" "FUN" "lapply" "split.data.frame" "split" "rankhosState" "FUN" "lapply" "sapply" "rankall" "head" 
"<Anonymous>" "[[.data.frame" "[[" "[.data.frame" "[" "FUN" "lapply" "split.data.frame" "split" "rankhosState" "FUN" "lapply" "sapply" "rankall" "head" 
"nargs" "[[.data.frame" "[[" "[.data.frame" "[" "FUN" "lapply" "split.data.frame" "split" "rankhosState" "FUN" "lapply" "sapply" "rankall" "head" 
"sys.call" "match" "%in%" "[[.data.frame" "[[" "[.data.frame" "[" "FUN" "lapply" "split.data.frame" "split" "rankhosState" "FUN" "lapply" "sapply" "rankall" "head" 
"[.data.frame" "[" "FUN" "lapply" "split.data.frame" "split" "rankhosState" "FUN" "lapply" "sapply" "rankall" "head" 
"anyDuplicated" "[.data.frame" "[" "FUN" "lapply" "split.data.frame" "split" "rankhosState" "FUN" "lapply" "sapply" "rankall" "head" 
"[[.data.frame" "[[" "$.data.frame" "$" "order" "rankhosState" "FUN" "lapply" "sapply" "rankall" "head" 
"[[" "[.data.frame" "[" "FUN" "lapply" "split.data.frame" "split" "rankhosState" "FUN" "lapply" "sapply" "rankall" "head" 
"[.data.frame" "[" "FUN" "lapply" "split.data.frame" "split" "rankhosState" "FUN" "lapply" "sapply" "rankall" "head" 
"[.data.frame" "[" "FUN" "lapply" "split.data.frame" "split" "rankhosState" "FUN" "lapply" "sapply" "rankall" "head" 
"[.data.frame" "[" "FUN" "lapply" "split.data.frame" "split" "rankhosState" "FUN" "lapply" "sapply" "rankall" "head" 
"[[" "[.data.frame" "[" "FUN" "lapply" "split.data.frame" "split" "rankhosState" "FUN" "lapply" "sapply" "rankall" "head" 
"[[" "[.data.frame" "[" "FUN" "lapply" "split.data.frame" "split" "rankhosState" "FUN" "lapply" "sapply" "rankall" "head" 
"all" "[[.data.frame" "[[" "[.data.frame" "[" "FUN" "lapply" "split.data.frame" "split" "rankhosState" "FUN" "lapply" "sapply" "rankall" "head" 
"match" "%in%" "[[.data.frame" "[[" "[.data.frame" "[" "FUN" "lapply" "split.data.frame" "split" "rankhosState" "FUN" "lapply" "sapply" "rankall" "head" 
"attr" "[.data.frame" "[" "FUN" "lapply" "split.data.frame" "split" "rankhosState" "FUN" "lapply" "sapply" "rankall" "head" 
"attr" "[.data.frame" "[" "FUN" "lapply" "split.data.frame" "split" "rankhosState" "FUN" "lapply" "sapply" "rankall" "head" 
"attr" "[.data.frame" "[" "FUN" "lapply" "split.data.frame" "split" "rankhosState" "FUN" "lapply" "sapply" "rankall" "head" 
"attr" "[.data.frame" "[" "FUN" "lapply" "split.data.frame" "split" "rankhosState" "FUN" "lapply" "sapply" "rankall" "head" 
"[[.data.frame" "[[" "[.data.frame" "[" "FUN" "lapply" "split.data.frame" "split" "rankhosState" "FUN" "lapply" "sapply" "rankall" "head" 
"<Anonymous>" "[[.data.frame" "[[" "[.data.frame" "[" "FUN" "lapply" "split.data.frame" "split" "rankhosState" "FUN" "lapply" "sapply" "rankall" "head" 
"anyDuplicated" "[.data.frame" "[" "FUN" "lapply" "split.data.frame" "split" "rankhosState" "FUN" "lapply" "sapply" "rankall" "head" 
"[[.data.frame" "[[" "[.data.frame" "[" "FUN" "lapply" "split.data.frame" "split" "rankhosState" "FUN" "lapply" "sapply" "rankall" "head" 
"all" "[[.data.frame" "[[" "[.data.frame" "[" "FUN" "lapply" "split.data.frame" "split" "rankhosState" "FUN" "lapply" "sapply" "rankall" "head" 
"[.data.frame" "[" "FUN" "lapply" "split.data.frame" "split" "rankhosState" "FUN" "lapply" "sapply" "rankall" "head" 
"match" "%in%" "[[.data.frame" "[[" "[.data.frame" "[" "FUN" "lapply" "split.data.frame" "split" "rankhosState" "FUN" "lapply" "sapply" "rankall" "head" 
"%in%" "[[.data.frame" "[[" "[.data.frame" "[" "FUN" "lapply" "split.data.frame" "split" "rankhosState" "FUN" "lapply" "sapply" "rankall" "head" 
"[[.data.frame" "[[" "[.data.frame" "[" "FUN" "lapply" "split.data.frame" "split" "rankhosState" "FUN" "lapply" "sapply" "rankall" "head" 
"[[.data.frame" "[[" "[.data.frame" "[" "FUN" "lapply" "split.data.frame" "split" "rankhosState" "FUN" "lapply" "sapply" "rankall" "head" 
"[.data.frame" "[" "FUN" "lapply" "split.data.frame" "split" "rankhosState" "FUN" "lapply" "sapply" "rankall" "head" 
"match" "%in%" "[[.data.frame" "[[" "[.data.frame" "[" "FUN" "lapply" "split.data.frame" "split" "rankhosState" "FUN" "lapply" "sapply" "rankall" "head" 
"[[.data.frame" "[[" "[.data.frame" "[" "FUN" "lapply" "split.data.frame" "split" "rankhosState" "FUN" "lapply" "sapply" "rankall" "head" 
"[.data.frame" "[" "FUN" "lapply" "split.data.frame" "split" "rankhosState" "FUN" "lapply" "sapply" "rankall" "head" 
"[[.data.frame" "[[" "[.data.frame" "[" "FUN" "lapply" "split.data.frame" "split" "rankhosState" "FUN" "lapply" "sapply" "rankall" "head" 
"all" "[[.data.frame" "[[" "[.data.frame" "[" "FUN" "lapply" "split.data.frame" "split" "rankhosState" "FUN" "lapply" "sapply" "rankall" "head" 
"<Anonymous>" "[[.data.frame" "[[" "[.data.frame" "[" "FUN" "lapply" "split.data.frame" "split" "rankhosState" "FUN" "lapply" "sapply" "rankall" "head" 
"all" "[[.data.frame" "[[" "[.data.frame" "[" "FUN" "lapply" "split.data.frame" "split" "rankhosState" "FUN" "lapply" "sapply" "rankall" "head" 
"<Anonymous>" "[[.data.frame" "[[" "[.data.frame" "[" "FUN" "lapply" "split.data.frame" "split" "rankhosState" "FUN" "lapply" "sapply" "rankall" "head" 
"[.data.frame" "[" "FUN" "lapply" "split.data.frame" "split" "rankhosState" "FUN" "lapply" "sapply" "rankall" "head" 
"sys.call" "match" "%in%" "[[.data.frame" "[[" "[.data.frame" "[" "FUN" "lapply" "split.data.frame" "split" "rankhosState" "FUN" "lapply" "sapply" "rankall" "head" 
"[[" "[.data.frame" "[" "FUN" "lapply" "split.data.frame" "split" "rankhosState" "FUN" "lapply" "sapply" "rankall" "head" 
"unique.default" "unique" "factor" "as.factor" "split.default" "split" "lapply" "split.data.frame" "split" "rankhosState" "FUN" "lapply" "sapply" "rankall" "head" 
"[[.data.frame" "[[" "[.data.frame" "[" "FUN" "lapply" "split.data.frame" "split" "rankhosState" "FUN" "lapply" "sapply" "rankall" "head" 
"%in%" "[[.data.frame" "[[" "[.data.frame" "[" "FUN" "lapply" "split.data.frame" "split" "rankhosState" "FUN" "lapply" "sapply" "rankall" "head" 
"[.data.frame" "[" "FUN" "lapply" "split.data.frame" "split" "rankhosState" "FUN" "lapply" "sapply" "rankall" "head" 
"[[.data.frame" "[[" "[.data.frame" "[" "FUN" "lapply" "split.data.frame" "split" "rankhosState" "FUN" "lapply" "sapply" "rankall" "head" 
"match" "%in%" "[[.data.frame" "[[" "[.data.frame" "[" "FUN" "lapply" "split.data.frame" "split" "rankhosState" "FUN" "lapply" "sapply" "rankall" "head" 
"%in%" "[[.data.frame" "[[" "[.data.frame" "[" "FUN" "lapply" "split.data.frame" "split" "rankhosState" "FUN" "lapply" "sapply" "rankall" "head" 
"all" "[[.data.frame" "[[" "[.data.frame" "[" "FUN" "lapply" "split.data.frame" "split" "rankhosState" "FUN" "lapply" "sapply" "rankall" "head" 
"<Anonymous>" "[[.data.frame" "[[" "[.data.frame" "[" "FUN" "lapply" "split.data.frame" "split" "rankhosState" "FUN" "lapply" "sapply" "rankall" "head" 
"[.data.frame" "[" "FUN" "lapply" "split.data.frame" "split" "rankhosState" "FUN" "lapply" "sapply" "rankall" "head" 
"all" "[[.data.frame" "[[" "[.data.frame" "[" "FUN" "lapply" "split.data.frame" "split" "rankhosState" "FUN" "lapply" "sapply" "rankall" "head" 
"names" "match" "%in%" "[[.data.frame" "[[" "[.data.frame" "[" "FUN" "lapply" "split.data.frame" "split" "rankhosState" "FUN" "lapply" "sapply" "rankall" "head" 
"[[" "[.data.frame" "[" "FUN" "lapply" "split.data.frame" "split" "rankhosState" "FUN" "lapply" "sapply" "rankall" "head" 
"sys.call" "match" "%in%" "[[.data.frame" "[[" "[.data.frame" "[" "FUN" "lapply" "split.data.frame" "split" "rankhosState" "FUN" "lapply" "sapply" "rankall" "head" 
"length" "length" "[.data.frame" "[" "FUN" "lapply" "split.data.frame" "split" "rankhosState" "FUN" "lapply" "sapply" "rankall" "head" 
"[[" "[.data.frame" "[" "FUN" "lapply" "split.data.frame" "split" "rankhosState" "FUN" "lapply" "sapply" "rankall" "head" 
"all" "[[.data.frame" "[[" "[.data.frame" "[" "FUN" "lapply" "split.data.frame" "split" "rankhosState" "FUN" "lapply" "sapply" "rankall" "head" 
"[[.data.frame" "[[" "[.data.frame" "[" "FUN" "lapply" "split.data.frame" "split" "rankhosState" "FUN" "lapply" "sapply" "rankall" "head" 
"[[" "[.data.frame" "[" "FUN" "lapply" "split.data.frame" "split" "rankhosState" "FUN" "lapply" "sapply" "rankall" "head" 
"[[" "[.data.frame" "[" "FUN" "lapply" "split.data.frame" "split" "rankhosState" "FUN" "lapply" "sapply" "rankall" "head" 
"lapply" "unlist" "apply" "order" "rankhosState" "FUN" "lapply" "sapply" "rankall" "head" 
"%in%" "[[.data.frame" "[[" "[.data.frame" "[" "FUN" "lapply" "split.data.frame" "split" "rankhosState" "FUN" "lapply" "sapply" "rankall" "head" 
"<Anonymous>" "[[.data.frame" "[[" "[.data.frame" "[" "FUN" "lapply" "split.data.frame" "split" "rankhosState" "FUN" "lapply" "sapply" "rankall" "head" 
"<Anonymous>" "[[.data.frame" "[[" "[.data.frame" "[" "FUN" "lapply" "split.data.frame" "split" "rankhosState" "FUN" "lapply" "sapply" "rankall" "head" 
"[.data.frame" "[" "FUN" "lapply" "split.data.frame" "split" "rankhosState" "FUN" "lapply" "sapply" "rankall" "head" 
"[.data.frame" "[" "FUN" "lapply" "split.data.frame" "split" "rankhosState" "FUN" "lapply" "sapply" "rankall" "head" 
"[[" "[.data.frame" "[" "FUN" "lapply" "split.data.frame" "split" "rankhosState" "FUN" "lapply" "sapply" "rankall" "head" 
"match" "%in%" "[[.data.frame" "[[" "[.data.frame" "[" "FUN" "lapply" "split.data.frame" "split" "rankhosState" "FUN" "lapply" "sapply" "rankall" "head" 
"[[.data.frame" "[[" "[.data.frame" "[" "FUN" "lapply" "split.data.frame" "split" "rankhosState" "FUN" "lapply" "sapply" "rankall" "head" 
"all" "[[.data.frame" "[[" "[.data.frame" "[" "FUN" "lapply" "split.data.frame" "split" "rankhosState" "FUN" "lapply" "sapply" "rankall" "head" 
"match" "%in%" "[[.data.frame" "[[" "[.data.frame" "[" "FUN" "lapply" "split.data.frame" "split" "rankhosState" "FUN" "lapply" "sapply" "rankall" "head" 
"[.data.frame" "[" "FUN" "lapply" "split.data.frame" "split" "rankhosState" "FUN" "lapply" "sapply" "rankall" "head" 
"[[.data.frame" "[[" "[.data.frame" "[" "FUN" "lapply" "split.data.frame" "split" "rankhosState" "FUN" "lapply" "sapply" "rankall" "head" 
"[[" "[.data.frame" "[" "FUN" "lapply" "split.data.frame" "split" "rankhosState" "FUN" "lapply" "sapply" "rankall" "head" 
"[.data.frame" "[" "FUN" "lapply" "split.data.frame" "split" "rankhosState" "FUN" "lapply" "sapply" "rankall" "head" 
"all" "[[.data.frame" "[[" "[.data.frame" "[" "FUN" "lapply" "split.data.frame" "split" "rankhosState" "FUN" "lapply" "sapply" "rankall" "head" 
"[[.data.frame" "[[" "[.data.frame" "[" "FUN" "lapply" "split.data.frame" "split" "rankhosState" "FUN" "lapply" "sapply" "rankall" "head" 
"[.data.frame" "[" "FUN" "lapply" "split.data.frame" "split" "rankhosState" "FUN" "lapply" "sapply" "rankall" "head" 
"[.data.frame" "[" "FUN" "lapply" "split.data.frame" "split" "rankhosState" "FUN" "lapply" "sapply" "rankall" "head" 
"split.default" "split" "lapply" "split.data.frame" "split" "rankhosState" "FUN" "lapply" "sapply" "rankall" "head" 
"[[.data.frame" "[[" "[.data.frame" "[" "FUN" "lapply" "split.data.frame" "split" "rankhosState" "FUN" "lapply" "sapply" "rankall" "head" 
"[.data.frame" "[" "FUN" "lapply" "split.data.frame" "split" "rankhosState" "FUN" "lapply" "sapply" "rankall" "head" 
"<Anonymous>" "[[.data.frame" "[[" "[.data.frame" "[" "FUN" "lapply" "split.data.frame" "split" "rankhosState" "FUN" "lapply" "sapply" "rankall" "head" 
"%in%" "[[.data.frame" "[[" "[.data.frame" "[" "FUN" "lapply" "split.data.frame" "split" "rankhosState" "FUN" "lapply" "sapply" "rankall" "head" 
"[[" "[.data.frame" "[" "FUN" "lapply" "split.data.frame" "split" "rankhosState" "FUN" "lapply" "sapply" "rankall" "head" 
"[[.data.frame" "[[" "[.data.frame" "[" "FUN" "lapply" "split.data.frame" "split" "rankhosState" "FUN" "lapply" "sapply" "rankall" "head" 
"attr" "[.data.frame" "[" "FUN" "lapply" "split.data.frame" "split" "rankhosState" "FUN" "lapply" "sapply" "rankall" "head" 
".subset2" "<Anonymous>" "[[.data.frame" "[[" "[.data.frame" "[" "FUN" "lapply" "split.data.frame" "split" "rankhosState" "FUN" "lapply" "sapply" "rankall" "head" 
"[[" "[.data.frame" "[" "FUN" "lapply" "split.data.frame" "split" "rankhosState" "FUN" "lapply" "sapply" "rankall" "head" 
"match" "%in%" "[[.data.frame" "[[" "[.data.frame" "[" "FUN" "lapply" "split.data.frame" "split" "rankhosState" "FUN" "lapply" "sapply" "rankall" "head" 
"all" "[[.data.frame" "[[" "[.data.frame" "[" "FUN" "lapply" "split.data.frame" "split" "rankhosState" "FUN" "lapply" "sapply" "rankall" "head" 
"all" "[[.data.frame" "[[" "[.data.frame" "[" "FUN" "lapply" "split.data.frame" "split" "rankhosState" "FUN" "lapply" "sapply" "rankall" "head" 
"[[" "[.data.frame" "[" "FUN" "lapply" "split.data.frame" "split" "rankhosState" "FUN" "lapply" "sapply" "rankall" "head" 
"[.data.frame" "[" "FUN" "lapply" "split.data.frame" "split" "rankhosState" "FUN" "lapply" "sapply" "rankall" "head" 
"[[.data.frame" "[[" "[.data.frame" "[" "FUN" "lapply" "split.data.frame" "split" "rankhosState" "FUN" "lapply" "sapply" "rankall" "head" 
"[.data.frame" "[" "FUN" "lapply" "split.data.frame" "split" "rankhosState" "FUN" "lapply" "sapply" "rankall" "head" 
"<Anonymous>" "[[.data.frame" "[[" "[.data.frame" "[" "FUN" "lapply" "split.data.frame" "split" "rankhosState" "FUN" "lapply" "sapply" "rankall" "head" 
"length" "length" "[.data.frame" "[" "FUN" "lapply" "split.data.frame" "split" "rankhosState" "FUN" "lapply" "sapply" "rankall" "head" 
"sys.call" "match" "%in%" "[[.data.frame" "[[" "[.data.frame" "[" "FUN" "lapply" "split.data.frame" "split" "rankhosState" "FUN" "lapply" "sapply" "rankall" "head" 
"[[.data.frame" "[[" "[.data.frame" "[" "FUN" "lapply" "split.data.frame" "split" "rankhosState" "FUN" "lapply" "sapply" "rankall" "head" 
"sys.call" "match" "%in%" "[[.data.frame" "[[" "[.data.frame" "[" "FUN" "lapply" "split.data.frame" "split" "rankhosState" "FUN" "lapply" "sapply" "rankall" "head" 
"%in%" "[[.data.frame" "[[" "[.data.frame" "[" "FUN" "lapply" "split.data.frame" "split" "rankhosState" "FUN" "lapply" "sapply" "rankall" "head" 
"sys.call" "match" "%in%" "[[.data.frame" "[[" "[.data.frame" "[" "FUN" "lapply" "split.data.frame" "split" "rankhosState" "FUN" "lapply" "sapply" "rankall" "head" 
"match" "%in%" "[[.data.frame" "[[" "[.data.frame" "[" "FUN" "lapply" "split.data.frame" "split" "rankhosState" "FUN" "lapply" "sapply" "rankall" "head" 
"%in%" "[.data.frame" "[" "FUN" "lapply" "split.data.frame" "split" "rankhosState" "FUN" "lapply" "sapply" "rankall" "head" 
"[.data.frame" "[" "FUN" "lapply" "split.data.frame" "split" "rankhosState" "FUN" "lapply" "sapply" "rankall" "head" 
"<Anonymous>" "[[.data.frame" "[[" "[.data.frame" "[" "FUN" "lapply" "split.data.frame" "split" "rankhosState" "FUN" "lapply" "sapply" "rankall" "head" 
"[.data.frame" "[" "FUN" "lapply" "split.data.frame" "split" "rankhosState" "FUN" "lapply" "sapply" "rankall" "head" 
"match" "%in%" "structure" "simpleWarning" "doWithOneRestart" "withOneRestart" "withRestarts" ".signalSimpleWarning" "as.numeric" "withCallingHandlers" "suppressWarnings" "rankhosState" "FUN" "lapply" "sapply" "rankall" "head" 
"all" "[[.data.frame" "[[" "[.data.frame" "[" "FUN" "lapply" "split.data.frame" "split" "rankhosState" "FUN" "lapply" "sapply" "rankall" "head" 
"[.data.frame" "[" "FUN" "lapply" "split.data.frame" "split" "rankhosState" "FUN" "lapply" "sapply" "rankall" "head" 
"[.data.frame" "[" "FUN" "lapply" "split.data.frame" "split" "rankhosState" "FUN" "lapply" "sapply" "rankall" "head" 
"anyDuplicated" "[.data.frame" "[" "FUN" "lapply" "split.data.frame" "split" "rankhosState" "FUN" "lapply" "sapply" "rankall" "head" 
"[[.data.frame" "[[" "[.data.frame" "[" "FUN" "lapply" "split.data.frame" "split" "rankhosState" "FUN" "lapply" "sapply" "rankall" "head" 
"<Anonymous>" "[[.data.frame" "[[" "[.data.frame" "[" "FUN" "lapply" "split.data.frame" "split" "rankhosState" "FUN" "lapply" "sapply" "rankall" "head" 
"lapply" "unlist" "apply" "order" "rankhosState" "FUN" "lapply" "sapply" "rankall" "head" 
"anyDuplicated" "[.data.frame" "[" "FUN" "lapply" "split.data.frame" "split" "rankhosState" "FUN" "lapply" "sapply" "rankall" "head" 
"<Anonymous>" "[[.data.frame" "[[" "[.data.frame" "[" "FUN" "lapply" "split.data.frame" "split" "rankhosState" "FUN" "lapply" "sapply" "rankall" "head" 
"[[" "[.data.frame" "[" "FUN" "lapply" "split.data.frame" "split" "rankhosState" "FUN" "lapply" "sapply" "rankall" "head" 
"length" "[.data.frame" "[" "FUN" "lapply" "split.data.frame" "split" "rankhosState" "FUN" "lapply" "sapply" "rankall" "head" 
"[[" "[.data.frame" "[" "FUN" "lapply" "split.data.frame" "split" "rankhosState" "FUN" "lapply" "sapply" "rankall" "head" 
"[[.data.frame" "[[" "[.data.frame" "[" "FUN" "lapply" "split.data.frame" "split" "rankhosState" "FUN" "lapply" "sapply" "rankall" "head" 
"all" "[[.data.frame" "[[" "[.data.frame" "[" "FUN" "lapply" "split.data.frame" "split" "rankhosState" "FUN" "lapply" "sapply" "rankall" "head" 
"match" "%in%" "[[.data.frame" "[[" "[.data.frame" "[" "FUN" "lapply" "split.data.frame" "split" "rankhosState" "FUN" "lapply" "sapply" "rankall" "head" 
"match" "%in%" "[[.data.frame" "[[" "[.data.frame" "[" "FUN" "lapply" "split.data.frame" "split" "rankhosState" "FUN" "lapply" "sapply" "rankall" "head" 
"[[.data.frame" "[[" "[.data.frame" "[" "FUN" "lapply" "split.data.frame" "split" "rankhosState" "FUN" "lapply" "sapply" "rankall" "head" 
"[.data.frame" "[" "FUN" "lapply" "split.data.frame" "split" "rankhosState" "FUN" "lapply" "sapply" "rankall" "head" 
"<Anonymous>" "[[.data.frame" "[[" "[.data.frame" "[" "FUN" "lapply" "split.data.frame" "split" "rankhosState" "FUN" "lapply" "sapply" "rankall" "head" 
"[[.data.frame" "[[" "[.data.frame" "[" "FUN" "lapply" "split.data.frame" "split" "rankhosState" "FUN" "lapply" "sapply" "rankall" "head" 
"<Anonymous>" "[[.data.frame" "[[" "[.data.frame" "[" "FUN" "lapply" "split.data.frame" "split" "rankhosState" "FUN" "lapply" "sapply" "rankall" "head" 
"[.data.frame" "[" "FUN" "lapply" "split.data.frame" "split" "rankhosState" "FUN" "lapply" "sapply" "rankall" "head" 
"[.data.frame" "[" "FUN" "lapply" "split.data.frame" "split" "rankhosState" "FUN" "lapply" "sapply" "rankall" "head" 
"[[.data.frame" "[[" "[.data.frame" "[" "FUN" "lapply" "split.data.frame" "split" "rankhosState" "FUN" "lapply" "sapply" "rankall" "head" 
"[[" "[.data.frame" "[" "FUN" "lapply" "split.data.frame" "split" "rankhosState" "FUN" "lapply" "sapply" "rankall" "head" 
"%in%" "[[.data.frame" "[[" "[.data.frame" "[" "FUN" "lapply" "split.data.frame" "split" "rankhosState" "FUN" "lapply" "sapply" "rankall" "head" 
"[[.data.frame" "[[" "[.data.frame" "[" "FUN" "lapply" "split.data.frame" "split" "rankhosState" "FUN" "lapply" "sapply" "rankall" "head" 
"match" "%in%" "[.data.frame" "[" "FUN" "lapply" "split.data.frame" "split" "rankhosState" "FUN" "lapply" "sapply" "rankall" "head" 
"[.data.frame" "[" "FUN" "lapply" "split.data.frame" "split" "rankhosState" "FUN" "lapply" "sapply" "rankall" "head" 
"sys.call" "match" "%in%" "[[.data.frame" "[[" "[.data.frame" "[" "FUN" "lapply" "split.data.frame" "split" "rankhosState" "FUN" "lapply" "sapply" "rankall" "head" 
"[.data.frame" "[" "FUN" "lapply" "split.data.frame" "split" "rankhosState" "FUN" "lapply" "sapply" "rankall" "head" 
"sys.call" "match" "%in%" "[[.data.frame" "[[" "[.data.frame" "[" "FUN" "lapply" "split.data.frame" "split" "rankhosState" "FUN" "lapply" "sapply" "rankall" "head" 
"length" "[.data.frame" "[" "FUN" "lapply" "split.data.frame" "split" "rankhosState" "FUN" "lapply" "sapply" "rankall" "head" 
"[[.data.frame" "[[" "[.data.frame" "[" "FUN" "lapply" "split.data.frame" "split" "rankhosState" "FUN" "lapply" "sapply" "rankall" "head" 
"[.data.frame" "[" "FUN" "lapply" "split.data.frame" "split" "rankhosState" "FUN" "lapply" "sapply" "rankall" "head" 
"[[.data.frame" "[[" "[.data.frame" "[" "FUN" "lapply" "split.data.frame" "split" "rankhosState" "FUN" "lapply" "sapply" "rankall" "head" 
"[.data.frame" "[" "FUN" "lapply" "split.data.frame" "split" "rankhosState" "FUN" "lapply" "sapply" "rankall" "head" 
"match" "%in%" "[[.data.frame" "[[" "[.data.frame" "[" "FUN" "lapply" "split.data.frame" "split" "rankhosState" "FUN" "lapply" "sapply" "rankall" "head" 
"[[" "[.data.frame" "[" "FUN" "lapply" "split.data.frame" "split" "rankhosState" "FUN" "lapply" "sapply" "rankall" "head" 
"match" "%in%" "[[.data.frame" "[[" "[.data.frame" "[" "FUN" "lapply" "split.data.frame" "split" "rankhosState" "FUN" "lapply" "sapply" "rankall" "head" 
"<Anonymous>" "[[.data.frame" "[[" "[.data.frame" "[" "FUN" "lapply" "split.data.frame" "split" "rankhosState" "FUN" "lapply" "sapply" "rankall" "head" 
"[.data.frame" "[" "FUN" "lapply" "split.data.frame" "split" "rankhosState" "FUN" "lapply" "sapply" "rankall" "head" 
"%in%" "[[.data.frame" "[[" "[.data.frame" "[" "FUN" "lapply" "split.data.frame" "split" "rankhosState" "FUN" "lapply" "sapply" "rankall" "head" 
"[.data.frame" "[" "FUN" "lapply" "split.data.frame" "split" "rankhosState" "FUN" "lapply" "sapply" "rankall" "head" 
"all" "[[.data.frame" "[[" "[.data.frame" "[" "FUN" "lapply" "split.data.frame" "split" "rankhosState" "FUN" "lapply" "sapply" "rankall" "head" 
"[[.data.frame" "[[" "[.data.frame" "[" "FUN" "lapply" "split.data.frame" "split" "rankhosState" "FUN" "lapply" "sapply" "rankall" "head" 
"anyDuplicated" "[.data.frame" "[" "FUN" "lapply" "split.data.frame" "split" "rankhosState" "FUN" "lapply" "sapply" "rankall" "head" 
"[[" "[.data.frame" "[" "FUN" "lapply" "split.data.frame" "split" "rankhosState" "FUN" "lapply" "sapply" "rankall" "head" 
"[[" "[.data.frame" "[" "FUN" "lapply" "split.data.frame" "split" "rankhosState" "FUN" "lapply" "sapply" "rankall" "head" 
"[[.data.frame" "[[" "[.data.frame" "[" "FUN" "lapply" "split.data.frame" "split" "rankhosState" "FUN" "lapply" "sapply" "rankall" "head" 
"<Anonymous>" "[[.data.frame" "[[" "[.data.frame" "[" "FUN" "lapply" "split.data.frame" "split" "rankhosState" "FUN" "lapply" "sapply" "rankall" "head" 
".subset2" "<Anonymous>" "[[.data.frame" "[[" "[.data.frame" "[" "FUN" "lapply" "split.data.frame" "split" "rankhosState" "FUN" "lapply" "sapply" "rankall" "head" 
"<Anonymous>" "[[.data.frame" "[[" "[.data.frame" "[" "FUN" "lapply" "split.data.frame" "split" "rankhosState" "FUN" "lapply" "sapply" "rankall" "head" 
"<Anonymous>" "[[.data.frame" "[[" "[.data.frame" "[" "FUN" "lapply" "split.data.frame" "split" "rankhosState" "FUN" "lapply" "sapply" "rankall" "head" 
"<Anonymous>" "[[.data.frame" "[[" "[.data.frame" "[" "FUN" "lapply" "split.data.frame" "split" "rankhosState" "FUN" "lapply" "sapply" "rankall" "head" 
"attr" "[.data.frame" "[" "FUN" "lapply" "split.data.frame" "split" "rankhosState" "FUN" "lapply" "sapply" "rankall" "head" 
"match" "%in%" "[[.data.frame" "[[" "[.data.frame" "[" "FUN" "lapply" "split.data.frame" "split" "rankhosState" "FUN" "lapply" "sapply" "rankall" "head" 
"[[.data.frame" "[[" "[.data.frame" "[" "FUN" "lapply" "split.data.frame" "split" "rankhosState" "FUN" "lapply" "sapply" "rankall" "head" 
"$<-" "doWithOneRestart" "withOneRestart" "withRestarts" ".signalSimpleWarning" "as.numeric" "withCallingHandlers" "suppressWarnings" "rankhosState" "FUN" "lapply" "sapply" "rankall" "head" 
